2017-08-03 14:14:45,982 [INFO] from application in play-dev-mode-akka.actor.default-dispatcher-3 - Creating Pool for datasource 'default'
2017-08-03 14:14:46,291 [INFO] from play.api.db.DefaultDBApi in play-dev-mode-akka.actor.default-dispatcher-3 - Database [default] connected at jdbc:mysql://localhost/elements
2017-08-03 14:14:46,780 [WARN] from io.ebeaninternal.server.deploy.BeanDescriptorManager in play-dev-mode-akka.actor.default-dispatcher-3 - Bean [models.Element] has no unique id set
2017-08-03 14:14:47,284 [WARN] from org.hibernate.validator.messageinterpolation.ParameterMessageInterpolator in play-dev-mode-akka.actor.default-dispatcher-3 - HV000184: ParameterMessageInterpolator has been chosen, EL interpolation will not be supported
2017-08-03 14:14:47,485 [INFO] from play.api.http.EnabledFilters in play-dev-mode-akka.actor.default-dispatcher-3 - Enabled Filters (see <https://www.playframework.com/documentation/latest/Filters>):

    play.filters.csrf.CSRFFilter
    play.filters.headers.SecurityHeadersFilter
    play.filters.hosts.AllowedHostsFilter

2017-08-03 14:14:47,488 [INFO] from play.api.Play in play-dev-mode-akka.actor.default-dispatcher-3 - Application started (Dev)
2017-08-03 14:15:32,958 [INFO] from application in play-dev-mode-akka.actor.default-dispatcher-8 - Shutting down connection pool.
2017-08-03 14:15:33,123 [INFO] from application in play-dev-mode-akka.actor.default-dispatcher-8 - Creating Pool for datasource 'default'
2017-08-03 14:15:33,285 [INFO] from play.api.db.DefaultDBApi in play-dev-mode-akka.actor.default-dispatcher-8 - Database [default] connected at jdbc:mysql://localhost/elements
2017-08-03 14:15:33,335 [WARN] from io.ebeaninternal.server.deploy.BeanDescriptorManager in play-dev-mode-akka.actor.default-dispatcher-8 - Bean [models.Element] has no unique id set
2017-08-03 14:15:33,442 [WARN] from org.hibernate.validator.messageinterpolation.ParameterMessageInterpolator in play-dev-mode-akka.actor.default-dispatcher-8 - HV000184: ParameterMessageInterpolator has been chosen, EL interpolation will not be supported
2017-08-03 14:15:33,524 [INFO] from play.api.http.EnabledFilters in play-dev-mode-akka.actor.default-dispatcher-8 - Enabled Filters (see <https://www.playframework.com/documentation/latest/Filters>):

    play.filters.csrf.CSRFFilter
    play.filters.headers.SecurityHeadersFilter
    play.filters.hosts.AllowedHostsFilter

2017-08-03 14:15:33,524 [INFO] from play.api.Play in play-dev-mode-akka.actor.default-dispatcher-8 - Application started (Dev)
2017-08-03 14:16:21,250 [INFO] from application in play-dev-mode-akka.actor.default-dispatcher-6 - Shutting down connection pool.
2017-08-03 14:16:21,397 [INFO] from application in play-dev-mode-akka.actor.default-dispatcher-6 - Creating Pool for datasource 'default'
2017-08-03 14:16:21,432 [INFO] from play.api.db.DefaultDBApi in play-dev-mode-akka.actor.default-dispatcher-6 - Database [default] connected at jdbc:mysql://localhost/elements
2017-08-03 14:16:21,527 [WARN] from io.ebeaninternal.server.deploy.BeanDescriptorManager in play-dev-mode-akka.actor.default-dispatcher-6 - Bean [models.Element] has no unique id set
2017-08-03 14:16:21,613 [WARN] from org.hibernate.validator.messageinterpolation.ParameterMessageInterpolator in play-dev-mode-akka.actor.default-dispatcher-6 - HV000184: ParameterMessageInterpolator has been chosen, EL interpolation will not be supported
2017-08-03 14:16:21,694 [INFO] from play.api.http.EnabledFilters in play-dev-mode-akka.actor.default-dispatcher-6 - Enabled Filters (see <https://www.playframework.com/documentation/latest/Filters>):

    play.filters.csrf.CSRFFilter
    play.filters.headers.SecurityHeadersFilter
    play.filters.hosts.AllowedHostsFilter

2017-08-03 14:16:21,694 [INFO] from play.api.Play in play-dev-mode-akka.actor.default-dispatcher-6 - Application started (Dev)
2017-08-03 14:17:29,724 [INFO] from application in play-dev-mode-akka.actor.default-dispatcher-20 - Shutting down connection pool.
2017-08-03 14:17:29,848 [INFO] from application in play-dev-mode-akka.actor.default-dispatcher-20 - Creating Pool for datasource 'default'
2017-08-03 14:17:29,852 [INFO] from play.api.db.DefaultDBApi in play-dev-mode-akka.actor.default-dispatcher-20 - Database [default] connected at jdbc:mysql://localhost/elements
2017-08-03 14:17:29,877 [WARN] from io.ebeaninternal.server.deploy.BeanDescriptorManager in play-dev-mode-akka.actor.default-dispatcher-20 - Bean [models.Element] has no unique id set
2017-08-03 14:17:29,929 [WARN] from org.hibernate.validator.messageinterpolation.ParameterMessageInterpolator in play-dev-mode-akka.actor.default-dispatcher-20 - HV000184: ParameterMessageInterpolator has been chosen, EL interpolation will not be supported
2017-08-03 14:17:29,972 [INFO] from play.api.http.EnabledFilters in play-dev-mode-akka.actor.default-dispatcher-20 - Enabled Filters (see <https://www.playframework.com/documentation/latest/Filters>):

    play.filters.csrf.CSRFFilter
    play.filters.headers.SecurityHeadersFilter
    play.filters.hosts.AllowedHostsFilter

2017-08-03 14:17:29,972 [INFO] from play.api.Play in play-dev-mode-akka.actor.default-dispatcher-20 - Application started (Dev)
2017-08-03 14:18:26,150 [INFO] from application in play-dev-mode-akka.actor.default-dispatcher-10 - Shutting down connection pool.
2017-08-03 14:18:26,255 [INFO] from application in play-dev-mode-akka.actor.default-dispatcher-10 - Creating Pool for datasource 'default'
2017-08-03 14:18:26,264 [INFO] from play.api.db.DefaultDBApi in play-dev-mode-akka.actor.default-dispatcher-10 - Database [default] connected at jdbc:mysql://localhost/elements
2017-08-03 14:18:26,282 [WARN] from io.ebeaninternal.server.deploy.BeanDescriptorManager in play-dev-mode-akka.actor.default-dispatcher-10 - Bean [models.Element] has no unique id set
2017-08-03 14:18:26,335 [WARN] from org.hibernate.validator.messageinterpolation.ParameterMessageInterpolator in play-dev-mode-akka.actor.default-dispatcher-10 - HV000184: ParameterMessageInterpolator has been chosen, EL interpolation will not be supported
2017-08-03 14:18:26,397 [INFO] from play.api.http.EnabledFilters in play-dev-mode-akka.actor.default-dispatcher-10 - Enabled Filters (see <https://www.playframework.com/documentation/latest/Filters>):

    play.filters.csrf.CSRFFilter
    play.filters.headers.SecurityHeadersFilter
    play.filters.hosts.AllowedHostsFilter

2017-08-03 14:18:26,397 [INFO] from play.api.Play in play-dev-mode-akka.actor.default-dispatcher-10 - Application started (Dev)
2017-08-03 14:19:37,150 [INFO] from application in play-dev-mode-akka.actor.default-dispatcher-13 - Shutting down connection pool.
2017-08-03 14:19:37,290 [INFO] from application in play-dev-mode-akka.actor.default-dispatcher-13 - Creating Pool for datasource 'default'
2017-08-03 14:19:37,307 [INFO] from play.api.db.DefaultDBApi in play-dev-mode-akka.actor.default-dispatcher-13 - Database [default] connected at jdbc:mysql://localhost/elements
2017-08-03 14:19:37,323 [WARN] from io.ebeaninternal.server.deploy.BeanDescriptorManager in play-dev-mode-akka.actor.default-dispatcher-13 - Bean [models.Element] has no unique id set
2017-08-03 14:19:37,395 [WARN] from org.hibernate.validator.messageinterpolation.ParameterMessageInterpolator in play-dev-mode-akka.actor.default-dispatcher-13 - HV000184: ParameterMessageInterpolator has been chosen, EL interpolation will not be supported
2017-08-03 14:19:37,461 [INFO] from play.api.http.EnabledFilters in play-dev-mode-akka.actor.default-dispatcher-13 - Enabled Filters (see <https://www.playframework.com/documentation/latest/Filters>):

    play.filters.csrf.CSRFFilter
    play.filters.headers.SecurityHeadersFilter
    play.filters.hosts.AllowedHostsFilter

2017-08-03 14:19:37,462 [INFO] from play.api.Play in play-dev-mode-akka.actor.default-dispatcher-13 - Application started (Dev)
2017-08-03 14:19:53,592 [INFO] from application in play-dev-mode-akka.actor.default-dispatcher-9 - Shutting down connection pool.
2017-08-03 14:19:53,691 [INFO] from application in play-dev-mode-akka.actor.default-dispatcher-9 - Creating Pool for datasource 'default'
2017-08-03 14:19:53,711 [INFO] from play.api.db.DefaultDBApi in play-dev-mode-akka.actor.default-dispatcher-9 - Database [default] connected at jdbc:mysql://localhost/elements
2017-08-03 14:19:53,755 [WARN] from io.ebeaninternal.server.deploy.BeanDescriptorManager in play-dev-mode-akka.actor.default-dispatcher-9 - Bean [models.Element] has no unique id set
2017-08-03 14:19:53,821 [WARN] from org.hibernate.validator.messageinterpolation.ParameterMessageInterpolator in play-dev-mode-akka.actor.default-dispatcher-9 - HV000184: ParameterMessageInterpolator has been chosen, EL interpolation will not be supported
2017-08-03 14:19:53,926 [INFO] from play.api.http.EnabledFilters in play-dev-mode-akka.actor.default-dispatcher-9 - Enabled Filters (see <https://www.playframework.com/documentation/latest/Filters>):

    play.filters.csrf.CSRFFilter
    play.filters.headers.SecurityHeadersFilter
    play.filters.hosts.AllowedHostsFilter

2017-08-03 14:19:53,927 [INFO] from play.api.Play in play-dev-mode-akka.actor.default-dispatcher-9 - Application started (Dev)
2017-08-03 14:20:26,114 [INFO] from application in play-dev-mode-akka.actor.default-dispatcher-20 - Shutting down connection pool.
2017-08-03 14:20:26,196 [INFO] from application in play-dev-mode-akka.actor.default-dispatcher-20 - Creating Pool for datasource 'default'
2017-08-03 14:20:26,200 [INFO] from play.api.db.DefaultDBApi in play-dev-mode-akka.actor.default-dispatcher-20 - Database [default] connected at jdbc:mysql://localhost/elements
2017-08-03 14:20:26,217 [WARN] from io.ebeaninternal.server.deploy.BeanDescriptorManager in play-dev-mode-akka.actor.default-dispatcher-20 - Bean [models.Element] has no unique id set
2017-08-03 14:20:26,258 [WARN] from org.hibernate.validator.messageinterpolation.ParameterMessageInterpolator in play-dev-mode-akka.actor.default-dispatcher-20 - HV000184: ParameterMessageInterpolator has been chosen, EL interpolation will not be supported
2017-08-03 14:20:26,382 [INFO] from play.api.http.EnabledFilters in play-dev-mode-akka.actor.default-dispatcher-20 - Enabled Filters (see <https://www.playframework.com/documentation/latest/Filters>):

    play.filters.csrf.CSRFFilter
    play.filters.headers.SecurityHeadersFilter
    play.filters.hosts.AllowedHostsFilter

2017-08-03 14:20:26,382 [INFO] from play.api.Play in play-dev-mode-akka.actor.default-dispatcher-20 - Application started (Dev)
2017-08-03 14:22:27,397 [INFO] from application in play-dev-mode-akka.actor.default-dispatcher-24 - Shutting down connection pool.
2017-08-03 14:22:27,512 [INFO] from application in play-dev-mode-akka.actor.default-dispatcher-24 - Creating Pool for datasource 'default'
2017-08-03 14:22:27,519 [INFO] from play.api.db.DefaultDBApi in play-dev-mode-akka.actor.default-dispatcher-24 - Database [default] connected at jdbc:mysql://localhost/elements
2017-08-03 14:22:27,536 [WARN] from io.ebeaninternal.server.deploy.BeanDescriptorManager in play-dev-mode-akka.actor.default-dispatcher-24 - Bean [models.Element] has no unique id set
2017-08-03 14:22:27,582 [WARN] from org.hibernate.validator.messageinterpolation.ParameterMessageInterpolator in play-dev-mode-akka.actor.default-dispatcher-24 - HV000184: ParameterMessageInterpolator has been chosen, EL interpolation will not be supported
2017-08-03 14:22:27,665 [INFO] from play.api.http.EnabledFilters in play-dev-mode-akka.actor.default-dispatcher-24 - Enabled Filters (see <https://www.playframework.com/documentation/latest/Filters>):

    play.filters.csrf.CSRFFilter
    play.filters.headers.SecurityHeadersFilter
    play.filters.hosts.AllowedHostsFilter

2017-08-03 14:22:27,665 [INFO] from play.api.Play in play-dev-mode-akka.actor.default-dispatcher-24 - Application started (Dev)
2017-08-03 14:28:41,190 [INFO] from application in play-dev-mode-akka.actor.default-dispatcher-41 - Shutting down connection pool.
2017-08-03 14:28:41,252 [INFO] from application in play-dev-mode-akka.actor.default-dispatcher-41 - Creating Pool for datasource 'default'
2017-08-03 14:28:41,255 [INFO] from play.api.db.DefaultDBApi in play-dev-mode-akka.actor.default-dispatcher-41 - Database [default] connected at jdbc:mysql://localhost/elements
2017-08-03 14:28:41,273 [WARN] from io.ebeaninternal.server.deploy.BeanDescriptorManager in play-dev-mode-akka.actor.default-dispatcher-41 - Bean [models.Element] has no unique id set
2017-08-03 14:28:41,323 [WARN] from org.hibernate.validator.messageinterpolation.ParameterMessageInterpolator in play-dev-mode-akka.actor.default-dispatcher-41 - HV000184: ParameterMessageInterpolator has been chosen, EL interpolation will not be supported
2017-08-03 14:28:41,347 [INFO] from play.api.http.EnabledFilters in play-dev-mode-akka.actor.default-dispatcher-41 - Enabled Filters (see <https://www.playframework.com/documentation/latest/Filters>):

    play.filters.csrf.CSRFFilter
    play.filters.headers.SecurityHeadersFilter
    play.filters.hosts.AllowedHostsFilter

2017-08-03 14:28:41,348 [INFO] from play.api.Play in play-dev-mode-akka.actor.default-dispatcher-41 - Application started (Dev)
2017-08-03 14:39:24,518 [INFO] from application in play-dev-mode-akka.actor.default-dispatcher-55 - Shutting down connection pool.
2017-08-03 14:39:24,630 [INFO] from application in play-dev-mode-akka.actor.default-dispatcher-55 - Creating Pool for datasource 'default'
2017-08-03 14:39:24,636 [INFO] from play.api.db.DefaultDBApi in play-dev-mode-akka.actor.default-dispatcher-55 - Database [default] connected at jdbc:mysql://localhost/elements
2017-08-03 14:39:24,652 [WARN] from io.ebeaninternal.server.deploy.BeanDescriptorManager in play-dev-mode-akka.actor.default-dispatcher-55 - Bean [models.Element] has no unique id set
2017-08-03 14:39:24,765 [WARN] from org.hibernate.validator.messageinterpolation.ParameterMessageInterpolator in play-dev-mode-akka.actor.default-dispatcher-55 - HV000184: ParameterMessageInterpolator has been chosen, EL interpolation will not be supported
2017-08-03 14:39:24,800 [INFO] from play.api.http.EnabledFilters in play-dev-mode-akka.actor.default-dispatcher-55 - Enabled Filters (see <https://www.playframework.com/documentation/latest/Filters>):

    play.filters.csrf.CSRFFilter
    play.filters.headers.SecurityHeadersFilter
    play.filters.hosts.AllowedHostsFilter

2017-08-03 14:39:24,800 [INFO] from play.api.Play in play-dev-mode-akka.actor.default-dispatcher-55 - Application started (Dev)
2017-08-03 14:42:17,892 [INFO] from application in play-dev-mode-akka.actor.default-dispatcher-74 - Shutting down connection pool.
2017-08-03 14:42:17,987 [INFO] from application in play-dev-mode-akka.actor.default-dispatcher-74 - Creating Pool for datasource 'default'
2017-08-03 14:42:17,990 [INFO] from play.api.db.DefaultDBApi in play-dev-mode-akka.actor.default-dispatcher-74 - Database [default] connected at jdbc:mysql://localhost/elements
2017-08-03 14:42:18,006 [WARN] from io.ebeaninternal.server.deploy.BeanDescriptorManager in play-dev-mode-akka.actor.default-dispatcher-74 - Bean [models.Element] has no unique id set
2017-08-03 14:42:18,099 [WARN] from org.hibernate.validator.messageinterpolation.ParameterMessageInterpolator in play-dev-mode-akka.actor.default-dispatcher-74 - HV000184: ParameterMessageInterpolator has been chosen, EL interpolation will not be supported
2017-08-03 14:42:18,145 [INFO] from play.api.http.EnabledFilters in play-dev-mode-akka.actor.default-dispatcher-74 - Enabled Filters (see <https://www.playframework.com/documentation/latest/Filters>):

    play.filters.csrf.CSRFFilter
    play.filters.headers.SecurityHeadersFilter
    play.filters.hosts.AllowedHostsFilter

2017-08-03 14:42:18,145 [INFO] from play.api.Play in play-dev-mode-akka.actor.default-dispatcher-74 - Application started (Dev)
2017-08-03 14:47:02,589 [INFO] from application in play-dev-mode-akka.actor.default-dispatcher-90 - Shutting down connection pool.
2017-08-03 14:47:02,661 [INFO] from application in play-dev-mode-akka.actor.default-dispatcher-90 - Creating Pool for datasource 'default'
2017-08-03 14:47:02,664 [INFO] from play.api.db.DefaultDBApi in play-dev-mode-akka.actor.default-dispatcher-90 - Database [default] connected at jdbc:mysql://localhost/elements
2017-08-03 14:47:02,681 [WARN] from io.ebeaninternal.server.deploy.BeanDescriptorManager in play-dev-mode-akka.actor.default-dispatcher-90 - Bean [models.Element] has no unique id set
2017-08-03 14:47:02,736 [WARN] from org.hibernate.validator.messageinterpolation.ParameterMessageInterpolator in play-dev-mode-akka.actor.default-dispatcher-90 - HV000184: ParameterMessageInterpolator has been chosen, EL interpolation will not be supported
2017-08-03 14:47:02,767 [INFO] from play.api.http.EnabledFilters in play-dev-mode-akka.actor.default-dispatcher-90 - Enabled Filters (see <https://www.playframework.com/documentation/latest/Filters>):

    play.filters.csrf.CSRFFilter
    play.filters.headers.SecurityHeadersFilter
    play.filters.hosts.AllowedHostsFilter

2017-08-03 14:47:02,767 [INFO] from play.api.Play in play-dev-mode-akka.actor.default-dispatcher-90 - Application started (Dev)
2017-08-03 14:48:18,117 [INFO] from application in play-dev-mode-akka.actor.default-dispatcher-108 - Shutting down connection pool.
2017-08-03 14:48:18,193 [INFO] from application in play-dev-mode-akka.actor.default-dispatcher-108 - Creating Pool for datasource 'default'
2017-08-03 14:48:18,199 [INFO] from play.api.db.DefaultDBApi in play-dev-mode-akka.actor.default-dispatcher-108 - Database [default] connected at jdbc:mysql://localhost/elements
2017-08-03 14:48:18,216 [WARN] from io.ebeaninternal.server.deploy.BeanDescriptorManager in play-dev-mode-akka.actor.default-dispatcher-108 - Bean [models.Element] has no unique id set
2017-08-03 14:48:18,256 [WARN] from org.hibernate.validator.messageinterpolation.ParameterMessageInterpolator in play-dev-mode-akka.actor.default-dispatcher-108 - HV000184: ParameterMessageInterpolator has been chosen, EL interpolation will not be supported
2017-08-03 14:48:18,283 [INFO] from play.api.http.EnabledFilters in play-dev-mode-akka.actor.default-dispatcher-108 - Enabled Filters (see <https://www.playframework.com/documentation/latest/Filters>):

    play.filters.csrf.CSRFFilter
    play.filters.headers.SecurityHeadersFilter
    play.filters.hosts.AllowedHostsFilter

2017-08-03 14:48:18,283 [INFO] from play.api.Play in play-dev-mode-akka.actor.default-dispatcher-108 - Application started (Dev)
2017-08-03 14:51:59,246 [INFO] from application in play-dev-mode-akka.actor.default-dispatcher-115 - Shutting down connection pool.
2017-08-03 14:51:59,306 [INFO] from application in play-dev-mode-akka.actor.default-dispatcher-115 - Creating Pool for datasource 'default'
2017-08-03 14:51:59,309 [INFO] from play.api.db.DefaultDBApi in play-dev-mode-akka.actor.default-dispatcher-115 - Database [default] connected at jdbc:mysql://localhost/elements
2017-08-03 14:51:59,326 [WARN] from io.ebeaninternal.server.deploy.BeanDescriptorManager in play-dev-mode-akka.actor.default-dispatcher-115 - Bean [models.Element] has no unique id set
2017-08-03 14:51:59,382 [WARN] from org.hibernate.validator.messageinterpolation.ParameterMessageInterpolator in play-dev-mode-akka.actor.default-dispatcher-115 - HV000184: ParameterMessageInterpolator has been chosen, EL interpolation will not be supported
2017-08-03 14:51:59,437 [INFO] from play.api.http.EnabledFilters in play-dev-mode-akka.actor.default-dispatcher-115 - Enabled Filters (see <https://www.playframework.com/documentation/latest/Filters>):

    play.filters.csrf.CSRFFilter
    play.filters.headers.SecurityHeadersFilter
    play.filters.hosts.AllowedHostsFilter

2017-08-03 14:51:59,437 [INFO] from play.api.Play in play-dev-mode-akka.actor.default-dispatcher-115 - Application started (Dev)
2017-08-03 14:54:36,138 [INFO] from application in play-dev-mode-akka.actor.default-dispatcher-133 - Shutting down connection pool.
2017-08-03 14:54:36,251 [INFO] from application in play-dev-mode-akka.actor.default-dispatcher-133 - Creating Pool for datasource 'default'
2017-08-03 14:54:36,254 [INFO] from play.api.db.DefaultDBApi in play-dev-mode-akka.actor.default-dispatcher-133 - Database [default] connected at jdbc:mysql://localhost/elements
2017-08-03 14:54:36,272 [WARN] from io.ebeaninternal.server.deploy.BeanDescriptorManager in play-dev-mode-akka.actor.default-dispatcher-133 - Bean [models.Element] has no unique id set
2017-08-03 14:54:36,312 [WARN] from org.hibernate.validator.messageinterpolation.ParameterMessageInterpolator in play-dev-mode-akka.actor.default-dispatcher-133 - HV000184: ParameterMessageInterpolator has been chosen, EL interpolation will not be supported
2017-08-03 14:54:36,338 [INFO] from play.api.http.EnabledFilters in play-dev-mode-akka.actor.default-dispatcher-133 - Enabled Filters (see <https://www.playframework.com/documentation/latest/Filters>):

    play.filters.csrf.CSRFFilter
    play.filters.headers.SecurityHeadersFilter
    play.filters.hosts.AllowedHostsFilter

2017-08-03 14:54:36,338 [INFO] from play.api.Play in play-dev-mode-akka.actor.default-dispatcher-133 - Application started (Dev)
